<?xml version="1.0" encoding="UTF-8"?>
<!-- Generated by org.testng.reporters.JUnitReportReporter -->
<testsuite hostname="LAPTOP-E4QM1CCI" failures="0" tests="5" name="com.qa.opencart.tests.Loginpagetest" time="1.128" errors="0" timestamp="17 Apr 2022 05:36:26 GMT" skipped="0">
  <testcase classname="com.qa.opencart.tests.Loginpagetest" name="forgottenpwdLinkExists" time="0.052"/>
  <testcase classname="com.qa.opencart.tests.Loginpagetest" name="isRegisterLinkExistsTest" time="0.060"/>
  <testcase classname="com.qa.opencart.tests.Loginpagetest" name="dologinTest" time="0.993"/>
  <testcase classname="com.qa.opencart.tests.Loginpagetest" name="loginpageTitletest" time="0.013"/>
  <testcase classname="com.qa.opencart.tests.Loginpagetest" name="loginpageurlTest" time="0.010"/>
</testsuite> <!-- com.qa.opencart.tests.Loginpagetest -->
