<?xml version="1.0" encoding="UTF-8"?>
<!-- Generated by org.testng.reporters.JUnitReportReporter -->
<testsuite hostname="LAPTOP-E4QM1CCI" failures="0" tests="3" name="com.qa.opencart.tests.Registrationpagetest" time="8.509" errors="0" timestamp="17 Apr 2022 05:37:00 GMT" skipped="0">
  <testcase classname="com.qa.opencart.tests.Registrationpagetest" name="userRegistrationTest" time="3.824"/>
  <testcase classname="com.qa.opencart.tests.Registrationpagetest" name="userRegistrationTest" time="2.322"/>
  <testcase classname="com.qa.opencart.tests.Registrationpagetest" name="userRegistrationTest" time="2.363"/>
</testsuite> <!-- com.qa.opencart.tests.Registrationpagetest -->
